e:\chb projects\output\debug\ccorelib.pdb
e:\chb projects\output\debug\ccorelib.idb
e:\chb projects\output\debug\ccorelib\cutiliy.obj
e:\chb projects\output\debug\ccorelib\ctimer.obj
e:\chb projects\output\debug\ccorelib\ctexturemgr.obj
e:\chb projects\output\debug\ccorelib\cspriteobj.obj
e:\chb projects\output\debug\ccorelib\csoundmgr.obj
e:\chb projects\output\debug\ccorelib\cshadermgr.obj
e:\chb projects\output\debug\ccorelib\cplayerobj.obj
e:\chb projects\output\debug\ccorelib\cplaneobj.obj
e:\chb projects\output\debug\ccorelib\cparticle.obj
e:\chb projects\output\debug\ccorelib\coreinterface.obj
e:\chb projects\output\debug\ccorelib\cobject.obj
e:\chb projects\output\debug\ccorelib\cnpcobj.obj
e:\chb projects\output\debug\ccorelib\mymath.obj
e:\chb projects\output\debug\ccorelib\cmapobj.obj
e:\chb projects\output\debug\ccorelib\cinput.obj
e:\chb projects\output\debug\ccorelib\cdxobject.obj
e:\chb projects\output\debug\ccorelib\cdevice.obj
e:\chb projects\output\debug\ccorelib\ccore.obj
e:\chb projects\output\debug\ccorelib\ccollision.obj
e:\chb projects\output\debug\ccorelib\ccamera.obj
e:\chb projects\output\debug\ccorelib\cwriter.obj
e:\chb projects\output\debug\ccorelib\cwindow.obj
e:\chb projects\output\debug\ccorelib.lib
e:\chb projects\output\debug\ccorelib\ccorelib.tlog\cl.command.1.tlog
e:\chb projects\output\debug\ccorelib\ccorelib.tlog\cl.read.1.tlog
e:\chb projects\output\debug\ccorelib\ccorelib.tlog\cl.write.1.tlog
e:\chb projects\output\debug\ccorelib\ccorelib.tlog\lib-link.read.1.tlog
e:\chb projects\output\debug\ccorelib\ccorelib.tlog\lib-link.write.1.tlog
e:\chb projects\output\debug\ccorelib\ccorelib.tlog\lib.command.1.tlog
