e:\chb projects\output\debug\dx m\vc142.pdb
e:\chb projects\output\debug\dx m\vc142.idb
e:\chb projects\output\debug\dx m\ctracestate.obj
e:\chb projects\output\debug\dx m\cstandstate.obj
e:\chb projects\output\debug\dx m\cskilleffect.obj
e:\chb projects\output\debug\dx m\cskill2state.obj
e:\chb projects\output\debug\dx m\cskill1state.obj
e:\chb projects\output\debug\dx m\cskill.obj
e:\chb projects\output\debug\dx m\cscene.obj
e:\chb projects\output\debug\dx m\cplayablecharacter.obj
e:\chb projects\output\debug\dx m\cmovestate.obj
e:\chb projects\output\debug\dx m\clobbyscene.obj
e:\chb projects\output\debug\dx m\cfsm.obj
e:\chb projects\output\debug\dx m\cfinitstate.obj
e:\chb projects\output\debug\dx m\cdeadstate.obj
e:\chb projects\output\debug\dx m\cbossskill.obj
e:\chb projects\output\debug\dx m\cboss.obj
e:\chb projects\output\debug\dx m\cattackstate.obj
e:\chb projects\output\debug\dx m\sample.obj
e:\chb projects\output\debug\dx m\dx m.tlog\cl.command.1.tlog
e:\chb projects\output\debug\dx m\dx m.tlog\cl.read.1.tlog
e:\chb projects\output\debug\dx m\dx m.tlog\cl.write.1.tlog
